-------------------- Log Start | Sat Feb 17 05:48:01 2024 --------------------
data_path: /home/scott/KobraGo_data
is_default_data_path: False
config_file: /home/scott/KobraGo_data/config/moonraker.conf
startup_warnings: []
verbose: False
debug: False
asyncio_debug: False
is_backup_config: False
is_python_package: False
instance_uuid: 61e6be5202c5414d8b06e99072926217
unix_socket_path: /home/scott/KobraGo_data/comms/moonraker.sock
software_version: v0.8.0-310-g67c98f6
git_branch: master
git_remote: origin
git_repo_url: https://github.com/Arksine/moonraker.git
modified_files: []
unofficial_components: []
log_file: /home/scott/KobraGo_data/logs/moonraker.log
python_version: 3.10.12 (main, Nov 20 2023, 15:14:05) [GCC 11.4.0]
launch_args: /home/scott/moonraker-env/bin/python /home/scott/moonraker/moonraker/moonraker.py -d /home/scott/KobraGo_data
msgspec_enabled: False
uvloop_enabled: False

#################### Moonraker Configuration ####################

[server]
host = 0.0.0.0
port = 7127
klippy_uds_address = /home/scott/KobraGo_data/comms/klippy.sock

[authorization]
trusted_clients = 
	10.0.0.0/8
	127.0.0.0/8
	169.254.0.0/16
	172.16.0.0/12
	192.168.0.0/16
	FE80::/10
	::1/128
cors_domains = 
	*.lan
	*.local
	*://localhost
	*://localhost:*
	*://my.mainsail.xyz
	*://app.fluidd.xyz

[octoprint_compat]

[history]

[update_manager]
channel = dev
refresh_interval = 168

[update_manager fluidd]
type = web
channel = stable
repo = fluidd-core/fluidd
path = ~/fluidd

[update_manager fluidd-config]
type = git_repo
primary_branch = master
path = ~/fluidd-config
origin = https://github.com/fluidd-core/fluidd-config.git
managed_services = klipper

#################################################################
All Configuration Files:
/home/scott/KobraGo_data/config/moonraker.conf
#################################################################

Database Versions: pylmdb = 1.4.1, lmdb = (0, 9, 29)
Unsafe Shutdown Count: 2

System Info:

***python***
  version: (3, 10, 12, 'final', 0)
  version_string: 3.10.12 (main, Nov 20 2023, 15:14:05) [GCC 11.4.0]

***cpu_info***
  cpu_count: 4
  bits: 64bit
  processor: x86_64
  cpu_desc: Intel(R) Core(TM) i3-4130 CPU @ 3.40GHz
  serial_number: 
  hardware_desc: 
  model: 
  total_memory: 8040420
  memory_units: kB

***sd_info***

***distribution***
  name: Ubuntu 22.04.3 LTS
  id: ubuntu
  version: 22.04
  version_parts: {'major': '22', 'minor': '04', 'build_number': ''}
  like: debian
  codename: jammy
  release_info: {}

***virtualization***
  virt_type: none
  virt_identifier: none

***network***

***canbus***

***Allowed Services***
  klipper_mcu
  webcamd
  MoonCord
  KlipperScreen
  moonraker-telegram-bot
  moonraker-obico
  sonar
  crowsnest
  octoeverywhere
  ratos-configurator
  octoeverywhere-KobraGo
Module libcamera unavailble, import failed

Systemd unit moonraker-KobraGo.service:
unit_name: moonraker-KobraGo.service
is_default: False
manager: systemd
Properties:
**Requires=['system.slice', 'network-online.target', '-.mount', 'sysinit.target']
**After=['-.mount', 'sysinit.target', 'basic.target', 'network-online.target', 'systemd-journald.socket', 'system.slice']
**SupplementaryGroups=['moonraker-admin']
**EnvironmentFiles=/home/scott/KobraGo_data/systemd/moonraker.env
**ExecStart=/home/scott/moonraker-env/bin/python $MOONRAKER_ARGS
**WorkingDirectory=/home/scott/moonraker
**FragmentPath=/etc/systemd/system/moonraker-KobraGo.service
**Description=API Server for Klipper SV1 KobraGo
**User=scott

Systemd unit klipper-KobraGo.service:
unit_name: klipper-KobraGo.service
is_default: False
manager: systemd
Properties:
**Requires=['system.slice', '-.mount', 'sysinit.target']
**After=['systemd-journald.socket', '-.mount', 'basic.target', 'network-online.target', 'sysinit.target', 'system.slice']
**SupplementaryGroups=[]
**EnvironmentFiles=/home/scott/KobraGo_data/systemd/klipper.env
**ExecStart=/home/scott/klippy-env/bin/python $KLIPPER_ARGS
**WorkingDirectory=/home/scott/klipper
**FragmentPath=/etc/systemd/system/klipper-KobraGo.service
**Description=Klipper 3D Printer Firmware SV1
**User=scott
Git Repo moonraker: Warnings detected:
  Multiple instances of Moonraker managing this repo:
  moonraker-DeltaBot@2d5d16890307426493c293c698a71bfb
  moonraker-KobraGo@61e6be5202c5414d8b06e99072926217
Git Repo klipper: Warnings detected:
  Multiple instances of Moonraker managing this repo:
  moonraker-DeltaBot@2d5d16890307426493c293c698a71bfb
  moonraker-KobraGo@61e6be5202c5414d8b06e99072926217
Git Repo fluidd-config: Warnings detected:
  Multiple instances of Moonraker managing this repo:
  moonraker-PrusaMk2@85b67ffa294f435f8fd6378eb439b231
  moonraker-KobraGo@61e6be5202c5414d8b06e99072926217
Klipper Version: v0.12.0-102-g9f41f53c
2024-02-17 00:48:01,535 [websockets.py:on_close()] - Websocket Closed: ID: 140370294208064 Close Code: None, Close Reason: None, Pong Time Elapsed: 1.57
2024-02-17 11:52:35,914 [authorization.py:_check_trusted_connection()] - Trusted Connection Detected, IP: 192.168.4.41
2024-02-17 11:52:35,938 [application.py:log_request()] - 101 GET /websocket?token=FJ6QXB2KQWD47ELSJJRGJ4CV6LALO24H (192.168.4.41) [_TRUSTED_USER_] 1.54ms
2024-02-17 11:52:35,938 [websockets.py:open()] - Websocket Opened: ID: 140370294203744, Proxied: False, User Agent: Mozilla/5.0 (Windows NT 10.0; Win64; x64) AppleWebKit/537.36 (KHTML, like Gecko) Chrome/121.0.0.0 Safari/537.36, Host Name: 192.168.4.102
2024-02-17 11:52:35,947 [websockets.py:_handle_identify()] - Websocket 140370294203744 Client Identified - Name: fluidd, Version: 1.27.1-2056453, Type: web
2024-02-17 11:52:35,948 [file_manager.py:get_file_list()] - Updating File List <config>...
2024-02-17 12:21:31,642 [application.py:log_request()] - 404 GET /favicon.ico (192.168.4.41) [_TRUSTED_USER_] 1.79ms
2024-02-17 12:26:18,596 [application.py:log_request()] - 404 GET /favicon.ico (192.168.4.41) [_TRUSTED_USER_] 1.76ms
2024-02-17 12:34:44,633 [websockets.py:on_close()] - Websocket Closed: ID: 140370294203744 Close Code: 1001, Close Reason: None, Pong Time Elapsed: 8.68
2024-02-17 12:40:08,223 [application.py:log_request()] - 404 GET /server/database/item?namespace=webcams (192.168.4.41) [_TRUSTED_USER_] 2.84ms
2024-02-17 12:40:08,338 [application.py:log_request()] - 101 GET /websocket?token=27XX6FFHDQ3RH54SQUZU2KA5JXMUFJ5B (192.168.4.41) [_TRUSTED_USER_] 1.57ms
2024-02-17 12:40:08,338 [websockets.py:open()] - Websocket Opened: ID: 140370294200000, Proxied: False, User Agent: Mozilla/5.0 (Windows NT 10.0; Win64; x64) AppleWebKit/537.36 (KHTML, like Gecko) Chrome/121.0.0.0 Safari/537.36, Host Name: 192.168.4.102
2024-02-17 12:40:08,378 [websockets.py:_handle_identify()] - Websocket 140370294200000 Client Identified - Name: fluidd, Version: 1.27.1-2056453, Type: web
2024-02-17 12:40:08,378 [file_manager.py:get_file_list()] - Updating File List <config>...
2024-02-17 12:42:47,964 [authorization.py:_check_trusted_connection()] - Trusted Connection Detected, IP: 192.168.4.210
2024-02-17 12:42:48,596 [file_manager.py:get_file_list()] - Updating File List <gcodes>...
2024-02-17 12:42:58,044 [file_manager.py:get_file_list()] - Updating File List <gcodes>...
2024-02-17 12:47:25,043 [file_manager.py:get_file_list()] - Updating File List <gcodes>...
2024-02-17 12:52:39,571 [file_manager.py:get_file_list()] - Updating File List <gcodes>...
2024-02-17 13:01:08,131 [application.py:prepare()] - Upload Request Received from 192.168.4.41
Content-Type: multipart/form-data; boundary=------------------------9fed72a5c7b38b40
2024-02-17 13:01:12,684 [application.py:post()] - Processing Uploaded File: temperature_tower_PETG_2h30m.gcode
2024-02-17 13:01:12,762 [shell_command.py:pipe_data_received()] - INFO:metadata:Object Processing is disabled

2024-02-17 13:01:12,795 [shell_command.py:_check_proc_success()] - Command (/home/scott/moonraker-env/bin/python /home/scott/moonraker/moonraker/components/file_manager/metadata.py -p /home/scott/KobraGo_data/gcodes -f "temperature_tower_PETG_2h30m.gcode") successfully finished
2024-02-17 13:01:12,796 [application.py:log_request()] - 201 POST /api/files/local (192.168.4.41) [_TRUSTED_USER_] 4666.41ms
2024-02-17 13:01:12,970 [authorization.py:_check_trusted_connection()] - Trusted Connection Detected, IP: 192.168.4.212
2024-02-17 13:02:57,785 [application.py:prepare()] - Upload Request Received from 192.168.4.41
Content-Type: multipart/form-data; boundary=------------------------acb187de4112431f
2024-02-17 13:02:58,733 [application.py:post()] - Processing Uploaded File: temperature_tower_PETG_1h5m.gcode
2024-02-17 13:02:58,804 [shell_command.py:pipe_data_received()] - INFO:metadata:Object Processing is disabled

2024-02-17 13:02:58,839 [shell_command.py:_check_proc_success()] - Command (/home/scott/moonraker-env/bin/python /home/scott/moonraker/moonraker/components/file_manager/metadata.py -p /home/scott/KobraGo_data/gcodes -f "temperature_tower_PETG_1h5m.gcode") successfully finished
2024-02-17 13:02:58,840 [application.py:log_request()] - 201 POST /api/files/local (192.168.4.41) [_TRUSTED_USER_] 1055.99ms
2024-02-17 13:05:44,028 [job_state.py:_status_update()] - Job Started: temperature_tower_PETG_1h5m.gcode
2024-02-17 14:04:07,766 [authorization.py:_prune_conn_handler()] - Trusted Connection Expired, IP: 192.168.4.41
2024-02-17 14:09:07,767 [authorization.py:_prune_conn_handler()] - Trusted Connection Expired, IP: 192.168.4.212
2024-02-17 14:33:35,952 [file_manager.py:get_file_list()] - Updating File List <gcodes>...
2024-02-17 14:38:07,393 [authorization.py:_check_trusted_connection()] - Trusted Connection Detected, IP: 192.168.4.41
2024-02-17 14:39:46,837 [application.py:prepare()] - Upload Request Received from 192.168.4.41
Content-Type: multipart/form-data; boundary=------------------------884a5c8f65308cfe
2024-02-17 14:39:47,165 [application.py:post()] - Processing Uploaded File: flowrate_0_PETG_52m3s.gcode
2024-02-17 14:39:47,237 [shell_command.py:pipe_data_received()] - INFO:metadata:Object Processing is disabled

2024-02-17 14:39:47,265 [shell_command.py:_check_proc_success()] - Command (/home/scott/moonraker-env/bin/python /home/scott/moonraker/moonraker/components/file_manager/metadata.py -p /home/scott/KobraGo_data/gcodes -f "flowrate_0_PETG_52m3s.gcode") successfully finished
2024-02-17 14:39:47,269 [application.py:log_request()] - 201 POST /api/files/local (192.168.4.41) [_TRUSTED_USER_] 432.72ms
2024-02-17 14:39:47,448 [job_state.py:_status_update()] - Job Started: flowrate_0_PETG_52m3s.gcode
2024-02-17 14:39:47,680 [authorization.py:_check_trusted_connection()] - Trusted Connection Detected, IP: 192.168.4.212
2024-02-17 15:44:07,787 [authorization.py:_prune_conn_handler()] - Trusted Connection Expired, IP: 192.168.4.41
2024-02-17 15:44:07,787 [authorization.py:_prune_conn_handler()] - Trusted Connection Expired, IP: 192.168.4.212
2024-02-17 15:45:30,096 [file_manager.py:get_file_list()] - Updating File List <gcodes>...
2024-02-17 16:46:39,429 [authorization.py:_check_trusted_connection()] - Trusted Connection Detected, IP: 192.168.4.41
2024-02-17 16:46:52,311 [application.py:prepare()] - Upload Request Received from 192.168.4.41
Content-Type: multipart/form-data; boundary=------------------------23fec0a529e64df8
2024-02-17 16:46:54,298 [application.py:post()] - Processing Uploaded File: flowrate_0_PETG_56m56s.gcode
2024-02-17 16:46:54,369 [shell_command.py:pipe_data_received()] - INFO:metadata:Object Processing is disabled

2024-02-17 16:46:54,398 [shell_command.py:_check_proc_success()] - Command (/home/scott/moonraker-env/bin/python /home/scott/moonraker/moonraker/components/file_manager/metadata.py -p /home/scott/KobraGo_data/gcodes -f "flowrate_0_PETG_56m56s.gcode") successfully finished
2024-02-17 16:46:54,402 [application.py:log_request()] - 201 POST /api/files/local (192.168.4.41) [_TRUSTED_USER_] 2091.49ms
2024-02-17 16:46:54,639 [job_state.py:_status_update()] - Job Started: flowrate_0_PETG_56m56s.gcode
2024-02-17 16:46:54,858 [authorization.py:_check_trusted_connection()] - Trusted Connection Detected, IP: 192.168.4.212
2024-02-17 16:47:28,160 [common.py:build_error()] - JSON-RPC Request Error - Requested Method: server.files.move, Code: 403, Message: File currently in use
2024-02-17 17:49:07,818 [authorization.py:_prune_conn_handler()] - Trusted Connection Expired, IP: 192.168.4.41
2024-02-17 17:49:07,818 [authorization.py:_prune_conn_handler()] - Trusted Connection Expired, IP: 192.168.4.212
2024-02-17 17:59:35,316 [file_manager.py:get_file_list()] - Updating File List <gcodes>...
2024-02-17 18:06:54,344 [authorization.py:_check_trusted_connection()] - Trusted Connection Detected, IP: 192.168.4.41
2024-02-17 18:07:03,062 [application.py:prepare()] - Upload Request Received from 192.168.4.41
Content-Type: multipart/form-data; boundary=------------------------470d8d0dfe8cf75a
2024-02-17 18:07:03,929 [application.py:post()] - Processing Uploaded File: Cube_PETG_8m39s.gcode
2024-02-17 18:07:04,002 [shell_command.py:pipe_data_received()] - INFO:metadata:Object Processing is disabled

2024-02-17 18:07:04,027 [shell_command.py:_check_proc_success()] - Command (/home/scott/moonraker-env/bin/python /home/scott/moonraker/moonraker/components/file_manager/metadata.py -p /home/scott/KobraGo_data/gcodes -f "Cube_PETG_8m39s.gcode") successfully finished
2024-02-17 18:07:04,031 [application.py:log_request()] - 201 POST /api/files/local (192.168.4.41) [_TRUSTED_USER_] 969.27ms
2024-02-17 18:07:04,162 [job_state.py:_status_update()] - Job Started: Cube_PETG_8m39s.gcode
2024-02-17 18:07:06,137 [authorization.py:_check_trusted_connection()] - Trusted Connection Detected, IP: 192.168.4.212
2024-02-17 18:28:00,615 [file_manager.py:get_file_list()] - Updating File List <gcodes>...
2024-02-17 18:55:26,249 [websockets.py:on_close()] - Websocket Closed: ID: 140370294200000 Close Code: None, Close Reason: None, Pong Time Elapsed: 7.90
2024-02-17 19:09:07,832 [authorization.py:_prune_conn_handler()] - Trusted Connection Expired, IP: 192.168.4.212
2024-02-17 19:19:07,834 [authorization.py:_prune_conn_handler()] - Trusted Connection Expired, IP: 192.168.4.41
2024-02-17 19:52:33,930 [authorization.py:_check_trusted_connection()] - Trusted Connection Detected, IP: 192.168.4.212
2024-02-17 19:53:23,380 [application.py:prepare()] - Upload Request Received from 192.168.4.212
Content-Type: 
2024-02-17 19:53:23,418 [application.py:prepare()] - Upload Request Received from 192.168.4.212
Content-Type: multipart/form-data; boundary=----WebKitFormBoundaryHS25MHB2Zu14lz5b
2024-02-17 19:53:23,463 [application.py:post()] - Processing Uploaded File: extruder.cfg
2024-02-17 19:53:23,468 [application.py:log_request()] - 201 POST /server/files/upload (192.168.4.212) [_TRUSTED_USER_] 50.47ms
2024-02-17 19:53:24,680 [klippy_connection.py:_on_connection_closed()] - Klippy Connection Removed
2024-02-17 19:53:24,851 [common.py:build_error()] - JSON-RPC Request Error - Requested Method: printer.info, Code: 503, Message: Klippy Host not connected
2024-02-17 19:53:25,938 [klippy_connection.py:_do_connect()] - Klippy Connection Established
2024-02-17 19:53:25,951 [machine.py:extract_service_info()] - Detected alternate unit name for klipper: klipper-KobraGo.service
2024-02-17 19:53:25,960 [server.py:add_log_rollover_item()] - 
Systemd unit klipper-KobraGo.service:
unit_name: klipper-KobraGo.service
is_default: False
manager: systemd
Properties:
**Requires=['sysinit.target', 'system.slice', '-.mount']
**After=['basic.target', 'systemd-journald.socket', 'sysinit.target', 'system.slice', '-.mount', 'network-online.target']
**SupplementaryGroups=[]
**EnvironmentFiles=/home/scott/KobraGo_data/systemd/klipper.env
**ExecStart=/home/scott/klippy-env/bin/python $KLIPPER_ARGS
**WorkingDirectory=/home/scott/klipper
**FragmentPath=/etc/systemd/system/klipper-KobraGo.service
**Description=Klipper 3D Printer Firmware SV1
**User=scott
2024-02-17 19:53:26,972 [klippy_connection.py:_request_initial_subscriptions()] - Webhooks Subscribed
2024-02-17 19:53:26,973 [klippy_connection.py:_request_initial_subscriptions()] - GCode Output Subscribed
2024-02-17 19:53:27,223 [job_state.py:_handle_started()] - Job state initialized: standby
2024-02-17 19:53:27,481 [klippy_connection.py:_check_ready()] - Klippy ready
2024-02-17 19:53:27,976 [data_store.py:_init_sensors()] - Configuring available sensors: ['heater_bed', 'extruder']
2024-02-17 19:53:38,356 [file_manager.py:get_file_list()] - Updating File List <gcodes>...
2024-02-17 19:53:59,667 [file_manager.py:get_file_list()] - Updating File List <gcodes>...
2024-02-17 19:54:08,441 [file_manager.py:get_file_list()] - Updating File List <gcodes>...
2024-02-17 19:54:11,343 [authorization.py:_check_trusted_connection()] - Trusted Connection Detected, IP: 192.168.4.41
2024-02-17 19:54:11,493 [application.py:log_request()] - 101 GET /websocket?token=NYUIWKVSIQGX3QPWJJXQNXQCVTWLMJXK (192.168.4.41) [_TRUSTED_USER_] 1.67ms
2024-02-17 19:54:11,493 [websockets.py:open()] - Websocket Opened: ID: 140370294111296, Proxied: False, User Agent: Mozilla/5.0 (Windows NT 10.0; Win64; x64) AppleWebKit/537.36 (KHTML, like Gecko) Chrome/121.0.0.0 Safari/537.36, Host Name: 192.168.4.102
2024-02-17 19:54:11,613 [websockets.py:_handle_identify()] - Websocket 140370294111296 Client Identified - Name: fluidd, Version: 1.27.1-2056453, Type: web
2024-02-17 19:54:11,614 [file_manager.py:get_file_list()] - Updating File List <config>...
2024-02-17 19:59:20,949 [file_manager.py:get_file_list()] - Updating File List <gcodes>...
2024-02-17 20:00:55,963 [file_manager.py:get_file_list()] - Updating File List <gcodes>...
2024-02-17 20:02:04,897 [file_manager.py:get_file_list()] - Updating File List <gcodes>...
2024-02-17 20:02:22,928 [application.py:prepare()] - Upload Request Received from 192.168.4.41
Content-Type: multipart/form-data; boundary=------------------------fefb443d05901782
2024-02-17 20:02:35,530 [application.py:post()] - Processing Uploaded File: AKLP_effector_e3D_v6_5015blower_PETG_4h36m.gcode
2024-02-17 20:02:35,600 [shell_command.py:pipe_data_received()] - INFO:metadata:Object Processing is disabled

2024-02-17 20:02:35,633 [shell_command.py:_check_proc_success()] - Command (/home/scott/moonraker-env/bin/python /home/scott/moonraker/moonraker/components/file_manager/metadata.py -p /home/scott/KobraGo_data/gcodes -f "AKLP_effector_e3D_v6_5015blower_PETG_4h36m.gcode") successfully finished
2024-02-17 20:02:35,635 [application.py:log_request()] - 201 POST /api/files/local (192.168.4.41) [_TRUSTED_USER_] 12707.32ms
2024-02-17 20:02:48,976 [application.py:prepare()] - Upload Request Received from 192.168.4.41
Content-Type: multipart/form-data; boundary=------------------------f4ced808298eea66
2024-02-17 20:02:52,459 [application.py:post()] - Processing Uploaded File: bltouch1_PETG_1h39m.gcode
2024-02-17 20:02:52,533 [shell_command.py:pipe_data_received()] - INFO:metadata:Object Processing is disabled

2024-02-17 20:02:52,567 [shell_command.py:_check_proc_success()] - Command (/home/scott/moonraker-env/bin/python /home/scott/moonraker/moonraker/components/file_manager/metadata.py -p /home/scott/KobraGo_data/gcodes -f "bltouch1_PETG_1h39m.gcode") successfully finished
2024-02-17 20:02:52,568 [application.py:log_request()] - 201 POST /api/files/local (192.168.4.41) [_TRUSTED_USER_] 3592.82ms
2024-02-17 20:04:15,814 [job_state.py:_status_update()] - Job Started: AKLP_effector_e3D_v6_5015blower_PETG_4h36m.gcode
2024-02-17 20:29:05,264 [websockets.py:on_close()] - Websocket Closed: ID: 140370295469152 Close Code: None, Close Reason: None, Pong Time Elapsed: 1.01
2024-02-17 20:33:59,351 [websockets.py:on_close()] - Websocket Closed: ID: 140370294111296 Close Code: None, Close Reason: None, Pong Time Elapsed: 7.82
2024-02-17 20:50:34,888 [file_manager.py:get_file_list()] - Updating File List <gcodes>...
2024-02-17 20:51:24,705 [application.py:log_request()] - 101 GET /websocket?token=H5CWXHQJLHXSOBLFMELOOFME734KOJMF (192.168.4.41) [_TRUSTED_USER_] 1.68ms
2024-02-17 20:51:24,705 [websockets.py:open()] - Websocket Opened: ID: 140370289112736, Proxied: False, User Agent: Mozilla/5.0 (Windows NT 10.0; Win64; x64) AppleWebKit/537.36 (KHTML, like Gecko) Chrome/121.0.0.0 Safari/537.36, Host Name: 192.168.4.102
2024-02-17 20:51:24,819 [websockets.py:_handle_identify()] - Websocket 140370289112736 Client Identified - Name: fluidd, Version: 1.27.1-2056453, Type: web
2024-02-17 20:51:24,819 [file_manager.py:get_file_list()] - Updating File List <config>...
2024-02-17 20:51:38,871 [application.py:log_request()] - 404 GET /favicon.ico (192.168.4.41) [_TRUSTED_USER_] 1.80ms
2024-02-17 20:52:01,350 [file_manager.py:get_file_list()] - Updating File List <gcodes>...
2024-02-17 20:57:09,179 [file_manager.py:get_file_list()] - Updating File List <gcodes>...
2024-02-17 21:02:21,076 [file_manager.py:get_file_list()] - Updating File List <gcodes>...
2024-02-17 21:02:40,876 [file_manager.py:get_file_list()] - Updating File List <gcodes>...
2024-02-17 21:07:51,237 [file_manager.py:get_file_list()] - Updating File List <gcodes>...
2024-02-17 21:09:07,856 [authorization.py:_prune_conn_handler()] - Trusted Connection Expired, IP: 192.168.4.212
2024-02-17 21:13:45,809 [klippy_connection.py:_on_connection_closed()] - Klippy Connection Removed
2024-02-17 21:13:47,403 [application.py:log_request()] - 503 GET /printer/objects/query?extruder&heater_bed&toolhead&gcode_move&virtual_sdcard&print_stats&webhooks (192.168.4.210) [_TRUSTED_USER_] 2.45ms
2024-02-17 21:13:47,648 [common.py:build_error()] - JSON-RPC Request Error - Requested Method: printer.info, Code: 503, Message: Klippy Host not connected
2024-02-17 21:13:50,329 [klippy_connection.py:_do_connect()] - Klippy Connection Established
2024-02-17 21:13:50,347 [machine.py:extract_service_info()] - Detected alternate unit name for klipper: klipper-KobraGo.service
2024-02-17 21:13:50,609 [server.py:add_log_rollover_item()] - Klipper Version: v0.12.0-102-g9f41f53c-dirty
2024-02-17 21:13:51,367 [klippy_connection.py:_request_initial_subscriptions()] - Webhooks Subscribed
2024-02-17 21:13:51,367 [klippy_connection.py:_request_initial_subscriptions()] - GCode Output Subscribed
2024-02-17 21:13:51,619 [job_state.py:_handle_started()] - Job state initialized: standby
2024-02-17 21:13:51,877 [klippy_connection.py:_check_ready()] - Klippy ready
2024-02-17 21:13:52,371 [data_store.py:_init_sensors()] - Configuring available sensors: ['heater_bed', 'extruder']
2024-02-17 21:13:58,652 [file_manager.py:get_file_list()] - Updating File List <gcodes>...
2024-02-17 21:14:11,142 [file_manager.py:get_file_list()] - Updating File List <gcodes>...
2024-02-17 21:14:33,897 [application.py:log_request()] - 404 GET /server/database/item?namespace=webcams (192.168.4.41) [_TRUSTED_USER_] 2.83ms
2024-02-17 21:14:34,399 [application.py:log_request()] - 101 GET /websocket?token=VTYHSBSVSBJNVWPX5YVO4C4WUGEDUK3G (192.168.4.41) [_TRUSTED_USER_] 0.67ms
2024-02-17 21:14:34,399 [websockets.py:open()] - Websocket Opened: ID: 140370293957840, Proxied: False, User Agent: Mozilla/5.0 (Windows NT 10.0; Win64; x64) AppleWebKit/537.36 (KHTML, like Gecko) Chrome/121.0.0.0 Safari/537.36, Host Name: 192.168.4.102
2024-02-17 21:14:34,653 [websockets.py:_handle_identify()] - Websocket 140370293957840 Client Identified - Name: fluidd, Version: 1.27.1-2056453, Type: web
2024-02-17 21:14:34,653 [file_manager.py:get_file_list()] - Updating File List <config>...
2024-02-17 21:14:57,732 [websockets.py:on_close()] - Websocket Closed: ID: 140370293957840 Close Code: None, Close Reason: None, Pong Time Elapsed: 1.83
2024-02-17 21:17:54,286 [application.py:log_request()] - 404 GET /server/database/item?namespace=webcams (192.168.4.41) [_TRUSTED_USER_] 2.87ms
2024-02-17 21:17:54,635 [application.py:log_request()] - 101 GET /websocket?token=C4R5YFVT5FG2SZEDP5E6JUU4EBIFHSDI (192.168.4.41) [_TRUSTED_USER_] 0.66ms
2024-02-17 21:17:54,635 [websockets.py:open()] - Websocket Opened: ID: 140370294101984, Proxied: False, User Agent: Mozilla/5.0 (Windows NT 10.0; Win64; x64) AppleWebKit/537.36 (KHTML, like Gecko) Chrome/121.0.0.0 Safari/537.36, Host Name: 192.168.4.102
2024-02-17 21:17:54,919 [websockets.py:_handle_identify()] - Websocket 140370294101984 Client Identified - Name: fluidd, Version: 1.27.1-2056453, Type: web
2024-02-17 21:17:54,919 [file_manager.py:get_file_list()] - Updating File List <config>...
2024-02-17 21:18:21,718 [application.py:prepare()] - Upload Request Received from 192.168.4.41
Content-Type: 
2024-02-17 21:18:22,959 [application.py:prepare()] - Upload Request Received from 192.168.4.41
Content-Type: multipart/form-data; boundary=----WebKitFormBoundaryH9YeiuWWACaaOVWr
2024-02-17 21:18:22,968 [application.py:post()] - Processing Uploaded File: shell_command.cfg
2024-02-17 21:18:22,972 [application.py:log_request()] - 201 POST /server/files/upload (192.168.4.41) [_TRUSTED_USER_] 13.90ms
2024-02-17 21:18:42,213 [websockets.py:on_close()] - Websocket Closed: ID: 140370294101984 Close Code: 1001, Close Reason: None, Pong Time Elapsed: 7.25
2024-02-17 21:18:42,685 [application.py:log_request()] - 404 GET /server/database/item?namespace=webcams (192.168.4.41) [_TRUSTED_USER_] 2.95ms
2024-02-17 21:18:43,789 [application.py:log_request()] - 101 GET /websocket?token=WHBMY6KWI5OF2Z7DFLLHBP6ATE7WKCLT (192.168.4.41) [_TRUSTED_USER_] 1.57ms
2024-02-17 21:18:43,790 [websockets.py:open()] - Websocket Opened: ID: 140370294099488, Proxied: False, User Agent: Mozilla/5.0 (Windows NT 10.0; Win64; x64) AppleWebKit/537.36 (KHTML, like Gecko) Chrome/121.0.0.0 Safari/537.36, Host Name: 192.168.4.102
2024-02-17 21:18:44,043 [websockets.py:_handle_identify()] - Websocket 140370294099488 Client Identified - Name: fluidd, Version: 1.27.1-2056453, Type: web
2024-02-17 21:18:44,044 [file_manager.py:get_file_list()] - Updating File List <config>...
2024-02-17 21:28:28,923 [server.py:_handle_term_signal()] - Exiting with signal SIGTERM
2024-02-17 21:28:28,924 [klippy_connection.py:_on_connection_closed()] - Klippy Connection Removed
2024-02-17 21:28:29,068 [websockets.py:write_to_socket()] - Websocket closed while writing: 140370289112736
2024-02-17 21:28:29,068 [websockets.py:write_to_socket()] - Websocket closed while writing: 140370294099488
2024-02-17 21:28:29,823 [websockets.py:on_close()] - Websocket Closed: ID: 140370289112736 Close Code: 1001, Close Reason: Server Shutdown, Pong Time Elapsed: 4.90
2024-02-17 21:28:29,859 [websockets.py:on_close()] - Websocket Closed: ID: 140370294099488 Close Code: 1001, Close Reason: Server Shutdown, Pong Time Elapsed: 5.87
2024-02-17 21:28:29,863 [database.py:close()] - Database statistics:

announcements:
psize: 4096
depth: 0
branch_pages: 0
leaf_pages: 0
overflow_pages: 0
entries: 0
authorized_users:
psize: 4096
depth: 1
branch_pages: 0
leaf_pages: 1
overflow_pages: 0
entries: 1
fluidd:
psize: 4096
depth: 1
branch_pages: 0
leaf_pages: 1
overflow_pages: 2
entries: 6
gcode_metadata:
psize: 4096
depth: 2
branch_pages: 1
leaf_pages: 5
overflow_pages: 0
entries: 14
history:
psize: 4096
depth: 2
branch_pages: 1
leaf_pages: 49
overflow_pages: 0
entries: 123
moonraker:
psize: 4096
depth: 1
branch_pages: 0
leaf_pages: 1
overflow_pages: 0
entries: 8
obico:
psize: 4096
depth: 1
branch_pages: 0
leaf_pages: 1
overflow_pages: 0
entries: 1
octoeverywhere:
psize: 4096
depth: 1
branch_pages: 0
leaf_pages: 1
overflow_pages: 0
entries: 1
update_manager:
psize: 4096
depth: 1
branch_pages: 0
leaf_pages: 1
overflow_pages: 4
entries: 5
2024-02-17 21:28:29,871 [server.py:main()] - Server Shutdown
-------------------- Log Start | Sun Feb 18 02:28:56 2024 --------------------
data_path: /home/scott/KobraGo_data
is_default_data_path: False
config_file: /home/scott/KobraGo_data/config/moonraker.conf
startup_warnings: []
verbose: False
debug: False
asyncio_debug: False
is_backup_config: False
is_python_package: False
instance_uuid: 61e6be5202c5414d8b06e99072926217
unix_socket_path: /home/scott/KobraGo_data/comms/moonraker.sock
software_version: v0.8.0-310-g67c98f6
git_branch: master
git_remote: origin
git_repo_url: https://github.com/Arksine/moonraker.git
modified_files: []
unofficial_components: []
log_file: /home/scott/KobraGo_data/logs/moonraker.log
python_version: 3.10.12 (main, Nov 20 2023, 15:14:05) [GCC 11.4.0]
launch_args: /home/scott/moonraker-env/bin/python /home/scott/moonraker/moonraker/moonraker.py -d /home/scott/KobraGo_data
msgspec_enabled: False
uvloop_enabled: False
2024-02-17 21:28:56,123 [confighelper.py:read_file()] - Configuration File '/home/scott/KobraGo_data/config/moonraker.conf' parsed, total size: 716 B
2024-02-17 21:28:56,123 [server.py:add_log_rollover_item()] - 
#################### Moonraker Configuration ####################

[server]
host = 0.0.0.0
port = 7127
klippy_uds_address = /home/scott/KobraGo_data/comms/klippy.sock

[authorization]
trusted_clients = 
	10.0.0.0/8
	127.0.0.0/8
	169.254.0.0/16
	172.16.0.0/12
	192.168.0.0/16
	FE80::/10
	::1/128
cors_domains = 
	*.lan
	*.local
	*://localhost
	*://localhost:*
	*://my.mainsail.xyz
	*://app.fluidd.xyz

[octoprint_compat]

[history]

[update_manager]
channel = dev
refresh_interval = 168

[update_manager fluidd]
type = web
channel = stable
repo = fluidd-core/fluidd
path = ~/fluidd

[update_manager fluidd-config]
type = git_repo
primary_branch = master
path = ~/fluidd-config
origin = https://github.com/fluidd-core/fluidd-config.git
managed_services = klipper

#################################################################
All Configuration Files:
/home/scott/KobraGo_data/config/moonraker.conf
#################################################################
2024-02-17 21:28:56,208 [server.py:load_component()] - Component (secrets) loaded
2024-02-17 21:28:56,212 [server.py:load_component()] - Component (template) loaded
2024-02-17 21:28:56,222 [server.py:load_component()] - Component (klippy_connection) loaded
2024-02-17 21:28:56,575 [server.py:load_component()] - Component (application) loaded
2024-02-17 21:28:56,592 [server.py:load_component()] - Component (websockets) loaded
2024-02-17 21:28:56,639 [server.py:load_component()] - Component (dbus_manager) loaded
2024-02-17 21:28:56,648 [server.py:add_log_rollover_item()] - 
Database Versions: pylmdb = 1.4.1, lmdb = (0, 9, 29)
Unsafe Shutdown Count: 2
2024-02-17 21:28:56,659 [server.py:load_component()] - Component (database) loaded
2024-02-17 21:28:56,677 [file_manager.py:__init__()] - Using File System Observer: inotify
2024-02-17 21:28:56,708 [server.py:load_component()] - Component (file_manager) loaded
2024-02-17 21:28:56,731 [authorization.py:__init__()] - Authorization Configuration Loaded
Trusted Clients:
10.0.0.0/8
127.0.0.0/8
169.254.0.0/16
172.16.0.0/12
192.168.0.0/16
fe80::/10
::1/128
CORS Domains:
.*\.lan
.*\.local
.*://localhost
.*://localhost:.*
.*://my\.mainsail\.xyz
.*://app\.fluidd\.xyz
2024-02-17 21:28:56,733 [server.py:load_component()] - Component (authorization) loaded
2024-02-17 21:28:56,738 [server.py:load_component()] - Component (klippy_apis) loaded
2024-02-17 21:28:56,938 [server.py:add_log_rollover_item()] - 
System Info:

***python***
  version: (3, 10, 12, 'final', 0)
  version_string: 3.10.12 (main, Nov 20 2023, 15:14:05) [GCC 11.4.0]

***cpu_info***
  cpu_count: 4
  bits: 64bit
  processor: x86_64
  cpu_desc: Intel(R) Core(TM) i3-4130 CPU @ 3.40GHz
  serial_number: 
  hardware_desc: 
  model: 
  total_memory: 8040416
  memory_units: kB

***sd_info***

***distribution***
  name: Ubuntu 22.04.4 LTS
  id: ubuntu
  version: 22.04
  version_parts: {'major': '22', 'minor': '04', 'build_number': ''}
  like: debian
  codename: jammy
  release_info: {}

***virtualization***
  virt_type: none
  virt_identifier: none

***network***

***canbus***

***Allowed Services***
  klipper_mcu
  webcamd
  MoonCord
  KlipperScreen
  moonraker-telegram-bot
  moonraker-obico
  sonar
  crowsnest
  octoeverywhere
  ratos-configurator
  octoeverywhere-KobraGo
2024-02-17 21:28:56,939 [server.py:load_component()] - Component (shell_command) loaded
2024-02-17 21:28:56,943 [machine.py:__init__()] - Using System Provider: systemd_dbus
2024-02-17 21:28:56,951 [server.py:add_log_rollover_item()] - Module libcamera unavailble, import failed
2024-02-17 21:28:56,951 [server.py:load_component()] - Component (machine) loaded
2024-02-17 21:28:56,952 [server.py:load_component()] - Component (data_store) loaded
2024-02-17 21:28:56,953 [proc_stats.py:__init__()] - Unable to find 'vcgencmd', throttle checking disabled
2024-02-17 21:28:56,953 [server.py:load_component()] - Component (proc_stats) loaded
2024-02-17 21:28:56,953 [server.py:load_component()] - Component (job_state) loaded
2024-02-17 21:28:56,957 [server.py:load_component()] - Component (job_queue) loaded
2024-02-17 21:28:56,960 [server.py:load_component()] - Component (http_client) loaded
2024-02-17 21:28:56,964 [server.py:load_component()] - Component (announcements) loaded
2024-02-17 21:28:56,965 [server.py:load_component()] - Component (webcam) loaded
2024-02-17 21:28:56,968 [server.py:load_component()] - Component (extensions) loaded
2024-02-17 21:28:56,973 [server.py:load_component()] - Component (octoprint_compat) loaded
2024-02-17 21:28:56,982 [server.py:load_component()] - Component (history) loaded
2024-02-17 21:28:57,011 [base_deploy.py:log_info()] - Git Repo moonraker: Detected virtualenv: /home/scott/moonraker-env
2024-02-17 21:28:57,013 [base_deploy.py:log_info()] - Git Repo klipper: Detected virtualenv: /home/scott/klippy-env
2024-02-17 21:28:57,029 [server.py:load_component()] - Component (update_manager) loaded
2024-02-17 21:28:57,030 [server.py:_initialize_component()] - Performing Component Post Init: [dbus_manager]
2024-02-17 21:28:57,039 [server.py:_initialize_component()] - Performing Component Post Init: [file_manager]
2024-02-17 21:28:57,061 [server.py:_initialize_component()] - Performing Component Post Init: [authorization]
2024-02-17 21:28:57,061 [server.py:_initialize_component()] - Performing Component Post Init: [machine]
2024-02-17 21:28:57,062 [machine.py:validation_init()] - Installation version in database up to date
2024-02-17 21:28:57,232 [machine.py:check_virt_status()] - No Virtualization Detected
2024-02-17 21:28:57,236 [machine.py:_find_public_ip()] - Detected Local IP: 192.168.4.102
2024-02-17 21:28:57,236 [webcam.py:_set_default_host_ip()] - Default public webcam address set: http://192.168.4.102
2024-02-17 21:28:57,255 [machine.py:extract_service_info()] - Detected alternate unit name for moonraker: moonraker-KobraGo.service
2024-02-17 21:28:57,272 [server.py:add_log_rollover_item()] - 
Systemd unit moonraker-KobraGo.service:
unit_name: moonraker-KobraGo.service
is_default: False
manager: systemd
Properties:
**Requires=['network-online.target', 'sysinit.target', '-.mount', 'system.slice']
**After=['sysinit.target', 'systemd-journald.socket', '-.mount', 'system.slice', 'basic.target', 'network-online.target']
**SupplementaryGroups=['moonraker-admin']
**EnvironmentFiles=/home/scott/KobraGo_data/systemd/moonraker.env
**ExecStart=/home/scott/moonraker-env/bin/python $MOONRAKER_ARGS
**WorkingDirectory=/home/scott/moonraker
**FragmentPath=/etc/systemd/system/moonraker-KobraGo.service
**Description=API Server for Klipper SV1 KobraGo
**User=scott
2024-02-17 21:28:57,273 [server.py:_initialize_component()] - Performing Component Post Init: [proc_stats]
2024-02-17 21:28:57,273 [server.py:_initialize_component()] - Performing Component Post Init: [announcements]
2024-02-17 21:28:57,273 [server.py:_initialize_component()] - Performing Component Post Init: [webcam]
2024-02-17 21:28:57,273 [webcam.py:_set_default_host_ip()] - Default public webcam address set: http://192.168.4.102
2024-02-17 21:28:57,274 [server.py:_initialize_component()] - Performing Component Post Init: [klippy_connection]
2024-02-17 21:28:57,274 [server.py:add_log_rollover_item()] - 
Systemd unit klipper-KobraGo.service:
unit_name: klipper-KobraGo.service
is_default: False
manager: systemd
Properties:
**Requires=['sysinit.target', 'system.slice', '-.mount']
**After=['basic.target', 'systemd-journald.socket', 'sysinit.target', 'system.slice', '-.mount', 'network-online.target']
**SupplementaryGroups=[]
**EnvironmentFiles=/home/scott/KobraGo_data/systemd/klipper.env
**ExecStart=/home/scott/klippy-env/bin/python $KLIPPER_ARGS
**WorkingDirectory=/home/scott/klipper
**FragmentPath=/etc/systemd/system/klipper-KobraGo.service
**Description=Klipper 3D Printer Firmware SV1
**User=scott
2024-02-17 21:28:57,274 [server.py:_initialize_component()] - Performing Component Post Init: [history]
2024-02-17 21:28:57,275 [server.py:_initialize_component()] - Performing Component Post Init: [update_manager]
2024-02-17 21:28:57,292 [base_deploy.py:log_info()] - PackageDeploy: PackageKit Provider Configured
2024-02-17 21:28:58,815 [confighelper.py:create_backup()] - Backing up last working configuration to '/home/scott/KobraGo_data/config/.moonraker.conf.bkp'
2024-02-17 21:28:58,817 [extensions.py:start_unix_server()] - Creating Unix Domain Socket at '/home/scott/KobraGo_data/comms/moonraker.sock'
2024-02-17 21:28:58,817 [server.py:start_server()] - Starting Moonraker on (0.0.0.0, 7127), Hostname: printbot
2024-02-17 21:28:58,817 [application.py:listen()] - SSL Certificate/Key not configured, aborting HTTPS Server startup
2024-02-17 21:28:59,069 [klippy_connection.py:_do_connect()] - Klippy Connection Established
2024-02-17 21:28:59,085 [machine.py:extract_service_info()] - Detected alternate unit name for klipper: klipper-KobraGo.service
2024-02-17 21:28:59,092 [server.py:add_log_rollover_item()] - 
Systemd unit klipper-KobraGo.service:
unit_name: klipper-KobraGo.service
is_default: False
manager: systemd
Properties:
**Requires=['sysinit.target', '-.mount', 'system.slice']
**After=['basic.target', 'sysinit.target', 'network-online.target', 'systemd-journald.socket', 'system.slice', '-.mount']
**SupplementaryGroups=[]
**EnvironmentFiles=/home/scott/KobraGo_data/systemd/klipper.env
**ExecStart=/home/scott/klippy-env/bin/python $KLIPPER_ARGS
**WorkingDirectory=/home/scott/klipper
**FragmentPath=/etc/systemd/system/klipper-KobraGo.service
**Description=Klipper 3D Printer Firmware SV1
**User=scott
2024-02-17 21:28:59,344 [server.py:add_log_rollover_item()] - Klipper Version: v0.12.0-102-g9f41f53c-dirty
2024-02-17 21:28:59,349 [klippy_connection.py:_request_initial_subscriptions()] - Webhooks Subscribed
2024-02-17 21:28:59,349 [klippy_connection.py:_request_initial_subscriptions()] - GCode Output Subscribed
2024-02-17 21:28:59,600 [job_state.py:_handle_started()] - Job state initialized: standby
2024-02-17 21:28:59,853 [klippy_connection.py:_check_ready()] - Klippy ready
2024-02-17 21:29:00,105 [base_deploy.py:log_info()] - PackageKit: Detected 4 package updates:
language-pack-en
language-pack-en-base
language-pack-gnome-en
language-pack-gnome-en-base
2024-02-17 21:29:00,110 [shell_command.py:_check_proc_success()] - Command (git -C /home/scott/moonraker status --porcelain -b) successfully finished
2024-02-17 21:29:00,119 [shell_command.py:_check_proc_success()] - Command (git -C /home/scott/moonraker branch --list --no-color) successfully finished
2024-02-17 21:29:00,125 [shell_command.py:_check_proc_success()] - Command (git -C /home/scott/moonraker remote get-url origin) successfully finished
2024-02-17 21:29:00,351 [data_store.py:_init_sensors()] - Configuring available sensors: ['heater_bed', 'extruder']
2024-02-17 21:29:00,455 [shell_command.py:_check_proc_success()] - Command (git -C /home/scott/moonraker fetch origin --prune --progress) successfully finished
2024-02-17 21:29:00,458 [shell_command.py:_check_proc_success()] - Command (git -C /home/scott/moonraker merge-base --is-ancestor HEAD origin/master) successfully finished
2024-02-17 21:29:00,460 [shell_command.py:_check_proc_success()] - Command (git -C /home/scott/moonraker rev-parse HEAD) successfully finished
2024-02-17 21:29:00,467 [shell_command.py:_check_proc_success()] - Command (git -C /home/scott/moonraker describe --always --tags --long --dirty --abbrev=8) successfully finished
2024-02-17 21:29:00,470 [shell_command.py:_check_proc_success()] - Command (git -C /home/scott/moonraker rev-parse origin/master) successfully finished
2024-02-17 21:29:00,477 [shell_command.py:_check_proc_success()] - Command (git -C /home/scott/moonraker describe origin/master --always --tags --long --abbrev=8) successfully finished
2024-02-17 21:29:00,480 [shell_command.py:_check_proc_success()] - Command (git -C /home/scott/moonraker rev-list HEAD..e87ab4a8955ca434b7f7c09d3eba443200cb523d --count) successfully finished
2024-02-17 21:29:00,483 [shell_command.py:_check_proc_success()] - Command (git -C /home/scott/moonraker log 67c98f6a7610ff4196954a665e5599bea9ccf5ac..origin/master --format="sha:%H%x1Dauthor:%an%x1Ddate:%ct%x1Dsubject:%s%x1Dmessage:%b%x1E" --max-count=100) successfully finished
2024-02-17 21:29:00,503 [shell_command.py:_check_proc_success()] - Command (git -C /home/scott/moonraker for-each-ref --count=100 --sort='-creatordate' --contains=HEAD --merged=origin/master --format='%(if)%(*objecttype)%(then)%(*objecttype) %(*objectname)%(else)%(objecttype) %(objectname)%(end) %(refname)' 'refs/tags') successfully finished
2024-02-17 21:29:00,503 [git_deploy.py:log_repo_info()] - Git Repo moonraker Detected:
Owner: Arksine
Repository Name: moonraker
Path: /home/scott/moonraker
Remote: origin
Branch: master
Remote URL: https://github.com/Arksine/moonraker.git
Recovery URL: https://github.com/Arksine/moonraker.git
Current Commit SHA: 67c98f6a7610ff4196954a665e5599bea9ccf5ac
Upstream Commit SHA: e87ab4a8955ca434b7f7c09d3eba443200cb523d
Current Version: v0.8.0-310-g67c98f6a
Upstream Version: v0.8.0-313-ge87ab4a8
Rollback Commit: 42357891a3716cd332ef60b28af09f8732dbf67a
Rollback Branch: master
Rollback Version: v0.8.0-209-g42357891
Is Dirty: False
Is Detached: False
Is Shallow: False
Commits Behind Count: 3
Diverged: False
Repo Warnings:
  Multiple instances of Moonraker managing this repo:
  moonraker-DeltaBot@2d5d16890307426493c293c698a71bfb
  moonraker-PrusaMk2@85b67ffa294f435f8fd6378eb439b231
  moonraker-KobraGo@61e6be5202c5414d8b06e99072926217
2024-02-17 21:29:00,503 [base_deploy.py:log_info()] - Git Repo moonraker: Channel: dev
2024-02-17 21:29:00,503 [base_deploy.py:log_info()] - Git Repo moonraker: Validity check for git repo passed
2024-02-17 21:29:00,512 [shell_command.py:_check_proc_success()] - Command (git -C /home/scott/klipper status --porcelain -b) successfully finished
2024-02-17 21:29:00,519 [shell_command.py:_check_proc_success()] - Command (git -C /home/scott/klipper branch --list --no-color) successfully finished
2024-02-17 21:29:00,523 [shell_command.py:_check_proc_success()] - Command (git -C /home/scott/klipper remote get-url origin) successfully finished
2024-02-17 21:29:05,111 [shell_command.py:_check_proc_success()] - Command (git -C /home/scott/klipper fetch origin --prune --progress) exited with return code 1
2024-02-17 21:29:05,487 [authorization.py:_check_trusted_connection()] - Trusted Connection Detected, IP: 192.168.4.210
2024-02-17 21:29:06,314 [shell_command.py:_check_proc_success()] - Command (git -C /home/scott/klipper fetch origin --prune --progress) successfully finished
2024-02-17 21:29:06,317 [shell_command.py:_check_proc_success()] - Command (git -C /home/scott/klipper merge-base --is-ancestor HEAD origin/master) successfully finished
2024-02-17 21:29:06,320 [shell_command.py:_check_proc_success()] - Command (git -C /home/scott/klipper rev-parse HEAD) successfully finished
2024-02-17 21:29:06,356 [shell_command.py:_check_proc_success()] - Command (git -C /home/scott/klipper describe --always --tags --long --dirty --abbrev=8) successfully finished
2024-02-17 21:29:06,358 [shell_command.py:_check_proc_success()] - Command (git -C /home/scott/klipper rev-parse origin/master) successfully finished
2024-02-17 21:29:06,390 [shell_command.py:_check_proc_success()] - Command (git -C /home/scott/klipper describe origin/master --always --tags --long --abbrev=8) successfully finished
2024-02-17 21:29:06,393 [shell_command.py:_check_proc_success()] - Command (git -C /home/scott/klipper rev-list HEAD..28f06a104bc0cfe3a7d36db343ade5a805b3e132 --count) successfully finished
2024-02-17 21:29:06,396 [shell_command.py:_check_proc_success()] - Command (git -C /home/scott/klipper log 9f41f53c5e364694b9b41279b3b3aee34250b93a..origin/master --format="sha:%H%x1Dauthor:%an%x1Ddate:%ct%x1Dsubject:%s%x1Dmessage:%b%x1E" --max-count=100) successfully finished
2024-02-17 21:29:06,432 [shell_command.py:_check_proc_success()] - Command (git -C /home/scott/klipper for-each-ref --count=100 --sort='-creatordate' --contains=HEAD --merged=origin/master --format='%(if)%(*objecttype)%(then)%(*objecttype) %(*objectname)%(else)%(objecttype) %(objectname)%(end) %(refname)' 'refs/tags') successfully finished
2024-02-17 21:29:06,433 [git_deploy.py:log_repo_info()] - Git Repo klipper Detected:
Owner: Klipper3d
Repository Name: klipper
Path: /home/scott/klipper
Remote: origin
Branch: master
Remote URL: https://github.com/Klipper3d/klipper
Recovery URL: https://github.com/Klipper3d/klipper
Current Commit SHA: 9f41f53c5e364694b9b41279b3b3aee34250b93a
Upstream Commit SHA: 28f06a104bc0cfe3a7d36db343ade5a805b3e132
Current Version: v0.12.0-102-g9f41f53c
Upstream Version: v0.12.0-113-g28f06a10
Rollback Commit: 547bfbf81847c758a3fb07e76963544bdbc6438d
Rollback Branch: master
Rollback Version: v0.12.0-37-g547bfbf8
Is Dirty: False
Is Detached: False
Is Shallow: False
Commits Behind Count: 11
Diverged: False
Repo Warnings:
  Repo has untracked source files: ['klippy/extras/gcode_shell_command.py']
  Multiple instances of Moonraker managing this repo:
  moonraker-DeltaBot@2d5d16890307426493c293c698a71bfb
  moonraker-PrusaMk2@85b67ffa294f435f8fd6378eb439b231
  moonraker-KobraGo@61e6be5202c5414d8b06e99072926217
2024-02-17 21:29:06,433 [base_deploy.py:log_info()] - Git Repo klipper: Channel: dev
2024-02-17 21:29:06,433 [base_deploy.py:log_info()] - Git Repo klipper: Validity check for git repo passed
2024-02-17 21:29:06,579 [base_deploy.py:log_info()] - Web Client fluidd: Detected
Repo: fluidd-core/fluidd
Channel: stable
Path: /home/scott/fluidd
Local Version: v1.27.1
Remote Version: v1.28.0
Valid: True
Fallback Detected: False
Pre-release: False
Download Url: https://github.com/fluidd-core/fluidd/releases/download/v1.28.0/fluidd.zip
Download Size: 3629558
Content Type: application/zip
Rollback Version: v1.27.0
Rollback Repo: fluidd-core/fluidd
2024-02-17 21:29:06,582 [file_manager.py:get_file_list()] - Updating File List <gcodes>...
2024-02-17 21:29:06,595 [shell_command.py:_check_proc_success()] - Command (git -C /home/scott/fluidd-config status --porcelain -b) successfully finished
2024-02-17 21:29:06,603 [shell_command.py:_check_proc_success()] - Command (git -C /home/scott/fluidd-config branch --list --no-color) successfully finished
2024-02-17 21:29:06,607 [shell_command.py:_check_proc_success()] - Command (git -C /home/scott/fluidd-config remote get-url origin) successfully finished
2024-02-17 21:29:06,909 [shell_command.py:_check_proc_success()] - Command (git -C /home/scott/fluidd-config fetch origin --prune --progress) successfully finished
2024-02-17 21:29:06,912 [shell_command.py:_check_proc_success()] - Command (git -C /home/scott/fluidd-config merge-base --is-ancestor HEAD origin/master) successfully finished
2024-02-17 21:29:06,915 [shell_command.py:_check_proc_success()] - Command (git -C /home/scott/fluidd-config rev-parse HEAD) successfully finished
2024-02-17 21:29:06,919 [shell_command.py:_check_proc_success()] - Command (git -C /home/scott/fluidd-config describe --always --tags --long --dirty --abbrev=8) successfully finished
2024-02-17 21:29:06,921 [shell_command.py:_check_proc_success()] - Command (git -C /home/scott/fluidd-config rev-parse origin/master) successfully finished
2024-02-17 21:29:06,924 [shell_command.py:_check_proc_success()] - Command (git -C /home/scott/fluidd-config describe origin/master --always --tags --long --abbrev=8) successfully finished
2024-02-17 21:29:06,927 [shell_command.py:_check_proc_success()] - Command (git -C /home/scott/fluidd-config rev-list HEAD..ce48c5854e9ca3ca72b63d0327069fac20e94c7c --count) successfully finished
2024-02-17 21:29:06,927 [git_deploy.py:log_repo_info()] - Git Repo fluidd-config Detected:
Owner: fluidd-core
Repository Name: fluidd-config
Path: /home/scott/fluidd-config
Remote: origin
Branch: master
Remote URL: https://github.com/fluidd-core/fluidd-config.git
Recovery URL: https://github.com/fluidd-core/fluidd-config.git
Current Commit SHA: ce48c5854e9ca3ca72b63d0327069fac20e94c7c
Upstream Commit SHA: ce48c5854e9ca3ca72b63d0327069fac20e94c7c
Current Version: v1.2.0-0-gce48c585
Upstream Version: v1.2.0-0-gce48c585
Rollback Commit: d44ec292b776131f892ab1650eaab89e14d2199f
Rollback Branch: master
Rollback Version: v0.0.0-10-gd44ec292-inferred
Is Dirty: False
Is Detached: False
Is Shallow: False
Commits Behind Count: 0
Diverged: False
Repo Warnings:
  Multiple instances of Moonraker managing this repo:
  moonraker-DeltaBot@2d5d16890307426493c293c698a71bfb
  moonraker-PrusaMk2@85b67ffa294f435f8fd6378eb439b231
  moonraker-KobraGo@61e6be5202c5414d8b06e99072926217
2024-02-17 21:29:06,927 [base_deploy.py:log_info()] - Git Repo fluidd-config: Channel: dev
2024-02-17 21:29:06,927 [base_deploy.py:log_info()] - Git Repo fluidd-config: Validity check for git repo passed
