-------------------- Log Start | Sun Feb 18 02:13:45 2024 --------------------
data_path: /home/scott/PrusaMk2_data
is_default_data_path: False
config_file: /home/scott/PrusaMk2_data/config/moonraker.conf
startup_warnings: []
verbose: False
debug: False
asyncio_debug: False
is_backup_config: False
is_python_package: False
instance_uuid: 85b67ffa294f435f8fd6378eb439b231
unix_socket_path: /home/scott/PrusaMk2_data/comms/moonraker.sock
software_version: v0.8.0-310-g67c98f6
git_branch: master
git_remote: origin
git_repo_url: https://github.com/Arksine/moonraker.git
modified_files: []
unofficial_components: []
log_file: /home/scott/PrusaMk2_data/logs/moonraker.log
python_version: 3.10.12 (main, Nov 20 2023, 15:14:05) [GCC 11.4.0]
launch_args: /home/scott/moonraker-env/bin/python /home/scott/moonraker/moonraker/moonraker.py -d /home/scott/PrusaMk2_data
msgspec_enabled: False
uvloop_enabled: False

#################### Moonraker Configuration ####################

[server]
host = 0.0.0.0
port = 7128
klippy_uds_address = /home/scott/PrusaMk2_data/comms/klippy.sock

[authorization]
trusted_clients = 
	10.0.0.0/8
	127.0.0.0/8
	169.254.0.0/16
	172.16.0.0/12
	192.168.0.0/16
	FE80::/10
	::1/128
cors_domains = 
	*.lan
	*.local
	*://localhost
	*://localhost:*
	*://my.mainsail.xyz
	*://app.fluidd.xyz

[octoprint_compat]

[history]

[update_manager]
channel = dev
refresh_interval = 168

[update_manager fluidd]
type = web
channel = stable
repo = fluidd-core/fluidd
path = ~/fluidd

[update_manager fluidd-config]
type = git_repo
primary_branch = master
path = ~/fluidd-config
origin = https://github.com/fluidd-core/fluidd-config.git
managed_services = klipper

#################################################################
All Configuration Files:
/home/scott/PrusaMk2_data/config/moonraker.conf
#################################################################

Database Versions: pylmdb = 1.4.1, lmdb = (0, 9, 29)
Unsafe Shutdown Count: 9

System Info:

***python***
  version: (3, 10, 12, 'final', 0)
  version_string: 3.10.12 (main, Nov 20 2023, 15:14:05) [GCC 11.4.0]

***cpu_info***
  cpu_count: 4
  bits: 64bit
  processor: x86_64
  cpu_desc: Intel(R) Core(TM) i3-4130 CPU @ 3.40GHz
  serial_number: 
  hardware_desc: 
  model: 
  total_memory: 8040420
  memory_units: kB

***sd_info***

***distribution***
  name: Ubuntu 22.04.3 LTS
  id: ubuntu
  version: 22.04
  version_parts: {'major': '22', 'minor': '04', 'build_number': ''}
  like: debian
  codename: jammy
  release_info: {}

***virtualization***
  virt_type: none
  virt_identifier: none

***network***

***canbus***

***Allowed Services***
  klipper_mcu
  webcamd
  MoonCord
  KlipperScreen
  moonraker-telegram-bot
  moonraker-obico
  sonar
  crowsnest
  octoeverywhere
  octoeverywhere-PrusaMk2
Module libcamera unavailble, import failed

Systemd unit moonraker-PrusaMk2.service:
unit_name: moonraker-PrusaMk2.service
is_default: False
manager: systemd
Properties:
**Requires=['sysinit.target', 'network-online.target', 'system.slice', '-.mount']
**After=['basic.target', 'systemd-journald.socket', '-.mount', 'network-online.target', 'system.slice', 'sysinit.target']
**SupplementaryGroups=['moonraker-admin']
**EnvironmentFiles=/home/scott/PrusaMk2_data/systemd/moonraker.env
**ExecStart=/home/scott/moonraker-env/bin/python $MOONRAKER_ARGS
**WorkingDirectory=/home/scott/moonraker
**FragmentPath=/etc/systemd/system/moonraker-PrusaMk2.service
**Description=API Server for Klipper SV1 PrusaMk2
**User=scott

Systemd unit klipper-PrusaMk2.service:
unit_name: klipper-PrusaMk2.service
is_default: False
manager: systemd
Properties:
**Requires=['sysinit.target', '-.mount', 'system.slice']
**After=['network-online.target', '-.mount', 'basic.target', 'sysinit.target', 'system.slice', 'systemd-journald.socket']
**SupplementaryGroups=[]
**EnvironmentFiles=/home/scott/PrusaMk2_data/systemd/klipper.env
**ExecStart=/home/scott/klippy-env/bin/python $KLIPPER_ARGS
**WorkingDirectory=/home/scott/klipper
**FragmentPath=/etc/systemd/system/klipper-PrusaMk2.service
**Description=Klipper 3D Printer Firmware SV1
**User=scott
Git Repo moonraker: Warnings detected:
  Multiple instances of Moonraker managing this repo:
  moonraker-KobraGo@61e6be5202c5414d8b06e99072926217
  moonraker-DeltaBot@2d5d16890307426493c293c698a71bfb
  moonraker-Ender3@f27c09a236c0415692438476cf43c78d
  moonraker-PrusaMk2@85b67ffa294f435f8fd6378eb439b231
Git Repo klipper: Warnings detected:
  Multiple instances of Moonraker managing this repo:
  moonraker-KobraGo@61e6be5202c5414d8b06e99072926217
  moonraker-DeltaBot@2d5d16890307426493c293c698a71bfb
  moonraker-Ender3@f27c09a236c0415692438476cf43c78d
  moonraker-PrusaMk2@85b67ffa294f435f8fd6378eb439b231
Git Repo fluidd-config: Warnings detected:
  Multiple instances of Moonraker managing this repo:
  moonraker-KobraGo@61e6be5202c5414d8b06e99072926217
  moonraker-DeltaBot@2d5d16890307426493c293c698a71bfb
  moonraker-Ender3@f27c09a236c0415692438476cf43c78d
  moonraker-PrusaMk2@85b67ffa294f435f8fd6378eb439b231
Klipper Version: v0.12.0-102-g9f41f53c
2024-02-17 21:13:45,837 [klippy_connection.py:_on_connection_closed()] - Klippy Connection Removed
2024-02-17 21:13:50,361 [klippy_connection.py:_do_connect()] - Klippy Connection Established
2024-02-17 21:13:50,379 [machine.py:extract_service_info()] - Detected alternate unit name for klipper: klipper-PrusaMk2.service
2024-02-17 21:13:50,390 [server.py:add_log_rollover_item()] - 
Systemd unit klipper-PrusaMk2.service:
unit_name: klipper-PrusaMk2.service
is_default: False
manager: systemd
Properties:
**Requires=['system.slice', '-.mount', 'sysinit.target']
**After=['sysinit.target', 'system.slice', 'basic.target', 'systemd-journald.socket', '-.mount', 'network-online.target']
**SupplementaryGroups=[]
**EnvironmentFiles=/home/scott/PrusaMk2_data/systemd/klipper.env
**ExecStart=/home/scott/klippy-env/bin/python $KLIPPER_ARGS
**WorkingDirectory=/home/scott/klipper
**FragmentPath=/etc/systemd/system/klipper-PrusaMk2.service
**Description=Klipper 3D Printer Firmware SV1
**User=scott
2024-02-17 21:13:50,643 [server.py:add_log_rollover_item()] - Klipper Version: v0.12.0-102-g9f41f53c-dirty
2024-02-17 21:15:20,406 [klippy_connection.py:_request_initial_subscriptions()] - Webhooks Subscribed
2024-02-17 21:15:20,407 [klippy_connection.py:_request_initial_subscriptions()] - GCode Output Subscribed
2024-02-17 21:15:20,409 [klippy_connection.py:_check_ready()] - 
mcu 'mcu': Unable to connect
Once the underlying issue is corrected, use the
"FIRMWARE_RESTART" command to reset the firmware, reload the
config, and restart the host software.
Error configuring printer

2024-02-17 21:28:28,923 [server.py:_handle_term_signal()] - Exiting with signal SIGTERM
2024-02-17 21:28:28,923 [klippy_connection.py:_on_connection_closed()] - Klippy Connection Removed
2024-02-17 21:28:29,085 [database.py:close()] - Database statistics:

announcements:
psize: 4096
depth: 0
branch_pages: 0
leaf_pages: 0
overflow_pages: 0
entries: 0
authorized_users:
psize: 4096
depth: 1
branch_pages: 0
leaf_pages: 1
overflow_pages: 0
entries: 1
fluidd:
psize: 4096
depth: 1
branch_pages: 0
leaf_pages: 1
overflow_pages: 0
entries: 6
gcode_metadata:
psize: 4096
depth: 0
branch_pages: 0
leaf_pages: 0
overflow_pages: 0
entries: 0
history:
psize: 4096
depth: 0
branch_pages: 0
leaf_pages: 0
overflow_pages: 0
entries: 0
moonraker:
psize: 4096
depth: 1
branch_pages: 0
leaf_pages: 1
overflow_pages: 0
entries: 8
obico:
psize: 4096
depth: 1
branch_pages: 0
leaf_pages: 1
overflow_pages: 0
entries: 1
update_manager:
psize: 4096
depth: 2
branch_pages: 1
leaf_pages: 2
overflow_pages: 4
entries: 5
2024-02-17 21:28:29,104 [server.py:main()] - Server Shutdown
-------------------- Log Start | Sun Feb 18 02:28:56 2024 --------------------
data_path: /home/scott/PrusaMk2_data
is_default_data_path: False
config_file: /home/scott/PrusaMk2_data/config/moonraker.conf
startup_warnings: []
verbose: False
debug: False
asyncio_debug: False
is_backup_config: False
is_python_package: False
instance_uuid: 85b67ffa294f435f8fd6378eb439b231
unix_socket_path: /home/scott/PrusaMk2_data/comms/moonraker.sock
software_version: v0.8.0-310-g67c98f6
git_branch: master
git_remote: origin
git_repo_url: https://github.com/Arksine/moonraker.git
modified_files: []
unofficial_components: []
log_file: /home/scott/PrusaMk2_data/logs/moonraker.log
python_version: 3.10.12 (main, Nov 20 2023, 15:14:05) [GCC 11.4.0]
launch_args: /home/scott/moonraker-env/bin/python /home/scott/moonraker/moonraker/moonraker.py -d /home/scott/PrusaMk2_data
msgspec_enabled: False
uvloop_enabled: False
2024-02-17 21:28:56,128 [confighelper.py:read_file()] - Configuration File '/home/scott/PrusaMk2_data/config/moonraker.conf' parsed, total size: 717 B
2024-02-17 21:28:56,128 [server.py:add_log_rollover_item()] - 
#################### Moonraker Configuration ####################

[server]
host = 0.0.0.0
port = 7128
klippy_uds_address = /home/scott/PrusaMk2_data/comms/klippy.sock

[authorization]
trusted_clients = 
	10.0.0.0/8
	127.0.0.0/8
	169.254.0.0/16
	172.16.0.0/12
	192.168.0.0/16
	FE80::/10
	::1/128
cors_domains = 
	*.lan
	*.local
	*://localhost
	*://localhost:*
	*://my.mainsail.xyz
	*://app.fluidd.xyz

[octoprint_compat]

[history]

[update_manager]
channel = dev
refresh_interval = 168

[update_manager fluidd]
type = web
channel = stable
repo = fluidd-core/fluidd
path = ~/fluidd

[update_manager fluidd-config]
type = git_repo
primary_branch = master
path = ~/fluidd-config
origin = https://github.com/fluidd-core/fluidd-config.git
managed_services = klipper

#################################################################
All Configuration Files:
/home/scott/PrusaMk2_data/config/moonraker.conf
#################################################################
2024-02-17 21:28:56,208 [server.py:load_component()] - Component (secrets) loaded
2024-02-17 21:28:56,218 [server.py:load_component()] - Component (template) loaded
2024-02-17 21:28:56,221 [server.py:load_component()] - Component (klippy_connection) loaded
2024-02-17 21:28:56,594 [server.py:load_component()] - Component (application) loaded
2024-02-17 21:28:56,603 [server.py:load_component()] - Component (websockets) loaded
2024-02-17 21:28:56,649 [server.py:load_component()] - Component (dbus_manager) loaded
2024-02-17 21:28:56,678 [server.py:add_log_rollover_item()] - 
Database Versions: pylmdb = 1.4.1, lmdb = (0, 9, 29)
Unsafe Shutdown Count: 9
2024-02-17 21:28:56,681 [server.py:load_component()] - Component (database) loaded
2024-02-17 21:28:56,687 [file_manager.py:__init__()] - Using File System Observer: inotify
2024-02-17 21:28:56,706 [server.py:load_component()] - Component (file_manager) loaded
2024-02-17 21:28:56,737 [authorization.py:__init__()] - Authorization Configuration Loaded
Trusted Clients:
10.0.0.0/8
127.0.0.0/8
169.254.0.0/16
172.16.0.0/12
192.168.0.0/16
fe80::/10
::1/128
CORS Domains:
.*\.lan
.*\.local
.*://localhost
.*://localhost:.*
.*://my\.mainsail\.xyz
.*://app\.fluidd\.xyz
2024-02-17 21:28:56,743 [server.py:load_component()] - Component (authorization) loaded
2024-02-17 21:28:56,745 [server.py:load_component()] - Component (klippy_apis) loaded
2024-02-17 21:28:56,948 [server.py:add_log_rollover_item()] - 
System Info:

***python***
  version: (3, 10, 12, 'final', 0)
  version_string: 3.10.12 (main, Nov 20 2023, 15:14:05) [GCC 11.4.0]

***cpu_info***
  cpu_count: 4
  bits: 64bit
  processor: x86_64
  cpu_desc: Intel(R) Core(TM) i3-4130 CPU @ 3.40GHz
  serial_number: 
  hardware_desc: 
  model: 
  total_memory: 8040416
  memory_units: kB

***sd_info***

***distribution***
  name: Ubuntu 22.04.4 LTS
  id: ubuntu
  version: 22.04
  version_parts: {'major': '22', 'minor': '04', 'build_number': ''}
  like: debian
  codename: jammy
  release_info: {}

***virtualization***
  virt_type: none
  virt_identifier: none

***network***

***canbus***

***Allowed Services***
  klipper_mcu
  webcamd
  MoonCord
  KlipperScreen
  moonraker-telegram-bot
  moonraker-obico
  sonar
  crowsnest
  octoeverywhere
  octoeverywhere-PrusaMk2
2024-02-17 21:28:56,949 [server.py:load_component()] - Component (shell_command) loaded
2024-02-17 21:28:56,949 [machine.py:__init__()] - Using System Provider: systemd_dbus
2024-02-17 21:28:56,952 [server.py:add_log_rollover_item()] - Module libcamera unavailble, import failed
2024-02-17 21:28:56,952 [server.py:load_component()] - Component (machine) loaded
2024-02-17 21:28:56,953 [server.py:load_component()] - Component (data_store) loaded
2024-02-17 21:28:56,954 [proc_stats.py:__init__()] - Unable to find 'vcgencmd', throttle checking disabled
2024-02-17 21:28:56,955 [server.py:load_component()] - Component (proc_stats) loaded
2024-02-17 21:28:56,955 [server.py:load_component()] - Component (job_state) loaded
2024-02-17 21:28:56,957 [server.py:load_component()] - Component (job_queue) loaded
2024-02-17 21:28:56,968 [server.py:load_component()] - Component (http_client) loaded
2024-02-17 21:28:56,971 [server.py:load_component()] - Component (announcements) loaded
2024-02-17 21:28:56,976 [server.py:load_component()] - Component (webcam) loaded
2024-02-17 21:28:56,983 [server.py:load_component()] - Component (extensions) loaded
2024-02-17 21:28:56,984 [server.py:load_component()] - Component (history) loaded
2024-02-17 21:28:57,014 [base_deploy.py:log_info()] - Git Repo moonraker: Detected virtualenv: /home/scott/moonraker-env
2024-02-17 21:28:57,015 [base_deploy.py:log_info()] - Git Repo klipper: Detected virtualenv: /home/scott/klippy-env
2024-02-17 21:28:57,019 [server.py:load_component()] - Component (update_manager) loaded
2024-02-17 21:28:57,022 [server.py:load_component()] - Component (octoprint_compat) loaded
2024-02-17 21:28:57,023 [server.py:_initialize_component()] - Performing Component Post Init: [dbus_manager]
2024-02-17 21:28:57,036 [server.py:_initialize_component()] - Performing Component Post Init: [file_manager]
2024-02-17 21:28:57,037 [server.py:_initialize_component()] - Performing Component Post Init: [authorization]
2024-02-17 21:28:57,037 [server.py:_initialize_component()] - Performing Component Post Init: [machine]
2024-02-17 21:28:57,038 [machine.py:validation_init()] - Installation version in database up to date
2024-02-17 21:28:57,215 [machine.py:check_virt_status()] - No Virtualization Detected
2024-02-17 21:28:57,222 [machine.py:_find_public_ip()] - Detected Local IP: 192.168.4.102
2024-02-17 21:28:57,223 [webcam.py:_set_default_host_ip()] - Default public webcam address set: http://192.168.4.102
2024-02-17 21:28:57,240 [machine.py:extract_service_info()] - Detected alternate unit name for moonraker: moonraker-PrusaMk2.service
2024-02-17 21:28:57,250 [server.py:add_log_rollover_item()] - 
Systemd unit moonraker-PrusaMk2.service:
unit_name: moonraker-PrusaMk2.service
is_default: False
manager: systemd
Properties:
**Requires=['system.slice', 'sysinit.target', 'network-online.target', '-.mount']
**After=['systemd-journald.socket', 'basic.target', 'network-online.target', '-.mount', 'system.slice', 'sysinit.target']
**SupplementaryGroups=['moonraker-admin']
**EnvironmentFiles=/home/scott/PrusaMk2_data/systemd/moonraker.env
**ExecStart=/home/scott/moonraker-env/bin/python $MOONRAKER_ARGS
**WorkingDirectory=/home/scott/moonraker
**FragmentPath=/etc/systemd/system/moonraker-PrusaMk2.service
**Description=API Server for Klipper SV1 PrusaMk2
**User=scott
2024-02-17 21:28:57,250 [server.py:_initialize_component()] - Performing Component Post Init: [proc_stats]
2024-02-17 21:28:57,250 [server.py:_initialize_component()] - Performing Component Post Init: [announcements]
2024-02-17 21:28:57,251 [server.py:_initialize_component()] - Performing Component Post Init: [webcam]
2024-02-17 21:28:57,251 [webcam.py:_set_default_host_ip()] - Default public webcam address set: http://192.168.4.102
2024-02-17 21:28:57,251 [server.py:_initialize_component()] - Performing Component Post Init: [klippy_connection]
2024-02-17 21:28:57,251 [server.py:add_log_rollover_item()] - 
Systemd unit klipper-PrusaMk2.service:
unit_name: klipper-PrusaMk2.service
is_default: False
manager: systemd
Properties:
**Requires=['system.slice', '-.mount', 'sysinit.target']
**After=['sysinit.target', 'system.slice', 'basic.target', 'systemd-journald.socket', '-.mount', 'network-online.target']
**SupplementaryGroups=[]
**EnvironmentFiles=/home/scott/PrusaMk2_data/systemd/klipper.env
**ExecStart=/home/scott/klippy-env/bin/python $KLIPPER_ARGS
**WorkingDirectory=/home/scott/klipper
**FragmentPath=/etc/systemd/system/klipper-PrusaMk2.service
**Description=Klipper 3D Printer Firmware SV1
**User=scott
2024-02-17 21:28:57,251 [server.py:_initialize_component()] - Performing Component Post Init: [history]
2024-02-17 21:28:57,251 [server.py:_initialize_component()] - Performing Component Post Init: [update_manager]
2024-02-17 21:28:57,269 [base_deploy.py:log_info()] - PackageDeploy: PackageKit Provider Configured
2024-02-17 21:28:58,804 [extensions.py:start_unix_server()] - Creating Unix Domain Socket at '/home/scott/PrusaMk2_data/comms/moonraker.sock'
2024-02-17 21:28:58,805 [server.py:start_server()] - Starting Moonraker on (0.0.0.0, 7128), Hostname: printbot
2024-02-17 21:28:58,805 [application.py:listen()] - SSL Certificate/Key not configured, aborting HTTPS Server startup
2024-02-17 21:28:59,057 [klippy_connection.py:_do_connect()] - Klippy Connection Established
2024-02-17 21:28:59,066 [machine.py:extract_service_info()] - Detected alternate unit name for klipper: klipper-PrusaMk2.service
2024-02-17 21:28:59,075 [server.py:add_log_rollover_item()] - 
Systemd unit klipper-PrusaMk2.service:
unit_name: klipper-PrusaMk2.service
is_default: False
manager: systemd
Properties:
**Requires=['system.slice', '-.mount', 'sysinit.target']
**After=['systemd-journald.socket', 'sysinit.target', 'basic.target', 'system.slice', '-.mount', 'network-online.target']
**SupplementaryGroups=[]
**EnvironmentFiles=/home/scott/PrusaMk2_data/systemd/klipper.env
**ExecStart=/home/scott/klippy-env/bin/python $KLIPPER_ARGS
**WorkingDirectory=/home/scott/klipper
**FragmentPath=/etc/systemd/system/klipper-PrusaMk2.service
**Description=Klipper 3D Printer Firmware SV1
**User=scott
2024-02-17 21:28:59,327 [server.py:add_log_rollover_item()] - Klipper Version: v0.12.0-102-g9f41f53c-dirty
2024-02-17 21:28:59,541 [base_deploy.py:log_info()] - PackageKit: Detected 4 package updates:
language-pack-en
language-pack-en-base
language-pack-gnome-en
language-pack-gnome-en-base
2024-02-17 21:28:59,546 [shell_command.py:_check_proc_success()] - Command (git -C /home/scott/moonraker status --porcelain -b) successfully finished
2024-02-17 21:28:59,553 [shell_command.py:_check_proc_success()] - Command (git -C /home/scott/moonraker branch --list --no-color) successfully finished
2024-02-17 21:28:59,557 [shell_command.py:_check_proc_success()] - Command (git -C /home/scott/moonraker remote get-url origin) successfully finished
2024-02-17 21:29:00,095 [shell_command.py:_check_proc_success()] - Command (git -C /home/scott/moonraker fetch origin --prune --progress) successfully finished
2024-02-17 21:29:00,099 [shell_command.py:_check_proc_success()] - Command (git -C /home/scott/moonraker merge-base --is-ancestor HEAD origin/master) successfully finished
2024-02-17 21:29:00,102 [shell_command.py:_check_proc_success()] - Command (git -C /home/scott/moonraker rev-parse HEAD) successfully finished
2024-02-17 21:29:00,111 [shell_command.py:_check_proc_success()] - Command (git -C /home/scott/moonraker describe --always --tags --long --dirty --abbrev=8) successfully finished
2024-02-17 21:29:00,114 [shell_command.py:_check_proc_success()] - Command (git -C /home/scott/moonraker rev-parse origin/master) successfully finished
2024-02-17 21:29:00,121 [shell_command.py:_check_proc_success()] - Command (git -C /home/scott/moonraker describe origin/master --always --tags --long --abbrev=8) successfully finished
2024-02-17 21:29:00,125 [shell_command.py:_check_proc_success()] - Command (git -C /home/scott/moonraker rev-list HEAD..e87ab4a8955ca434b7f7c09d3eba443200cb523d --count) successfully finished
2024-02-17 21:29:00,129 [shell_command.py:_check_proc_success()] - Command (git -C /home/scott/moonraker log 67c98f6a7610ff4196954a665e5599bea9ccf5ac..origin/master --format="sha:%H%x1Dauthor:%an%x1Ddate:%ct%x1Dsubject:%s%x1Dmessage:%b%x1E" --max-count=100) successfully finished
2024-02-17 21:29:00,149 [shell_command.py:_check_proc_success()] - Command (git -C /home/scott/moonraker for-each-ref --count=100 --sort='-creatordate' --contains=HEAD --merged=origin/master --format='%(if)%(*objecttype)%(then)%(*objecttype) %(*objectname)%(else)%(objecttype) %(objectname)%(end) %(refname)' 'refs/tags') successfully finished
2024-02-17 21:29:00,150 [git_deploy.py:log_repo_info()] - Git Repo moonraker Detected:
Owner: Arksine
Repository Name: moonraker
Path: /home/scott/moonraker
Remote: origin
Branch: master
Remote URL: https://github.com/Arksine/moonraker.git
Recovery URL: https://github.com/Arksine/moonraker.git
Current Commit SHA: 67c98f6a7610ff4196954a665e5599bea9ccf5ac
Upstream Commit SHA: e87ab4a8955ca434b7f7c09d3eba443200cb523d
Current Version: v0.8.0-310-g67c98f6a
Upstream Version: v0.8.0-313-ge87ab4a8
Rollback Commit: ee62d07c6826ec9c39b381ee9e85249c6d753cd5
Rollback Branch: master
Rollback Version: v0.8.0-142-gee62d07c
Is Dirty: False
Is Detached: False
Is Shallow: False
Commits Behind Count: 3
Diverged: False
Repo Warnings:
  Multiple instances of Moonraker managing this repo:
  moonraker-DeltaBot@2d5d16890307426493c293c698a71bfb
  moonraker-PrusaMk2@85b67ffa294f435f8fd6378eb439b231
2024-02-17 21:29:00,150 [base_deploy.py:log_info()] - Git Repo moonraker: Channel: dev
2024-02-17 21:29:00,150 [base_deploy.py:log_info()] - Git Repo moonraker: Validity check for git repo passed
2024-02-17 21:29:00,159 [shell_command.py:_check_proc_success()] - Command (git -C /home/scott/klipper status --porcelain -b) successfully finished
2024-02-17 21:29:00,166 [shell_command.py:_check_proc_success()] - Command (git -C /home/scott/klipper branch --list --no-color) successfully finished
2024-02-17 21:29:00,170 [shell_command.py:_check_proc_success()] - Command (git -C /home/scott/klipper remote get-url origin) successfully finished
2024-02-17 21:29:03,127 [shell_command.py:_check_proc_success()] - Command (git -C /home/scott/klipper fetch origin --prune --progress) successfully finished
2024-02-17 21:29:03,130 [shell_command.py:_check_proc_success()] - Command (git -C /home/scott/klipper merge-base --is-ancestor HEAD origin/master) successfully finished
2024-02-17 21:29:03,132 [shell_command.py:_check_proc_success()] - Command (git -C /home/scott/klipper rev-parse HEAD) successfully finished
2024-02-17 21:29:03,168 [shell_command.py:_check_proc_success()] - Command (git -C /home/scott/klipper describe --always --tags --long --dirty --abbrev=8) successfully finished
2024-02-17 21:29:03,170 [shell_command.py:_check_proc_success()] - Command (git -C /home/scott/klipper rev-parse origin/master) successfully finished
2024-02-17 21:29:03,203 [shell_command.py:_check_proc_success()] - Command (git -C /home/scott/klipper describe origin/master --always --tags --long --abbrev=8) successfully finished
2024-02-17 21:29:03,206 [shell_command.py:_check_proc_success()] - Command (git -C /home/scott/klipper rev-list HEAD..28f06a104bc0cfe3a7d36db343ade5a805b3e132 --count) successfully finished
2024-02-17 21:29:03,209 [shell_command.py:_check_proc_success()] - Command (git -C /home/scott/klipper log 9f41f53c5e364694b9b41279b3b3aee34250b93a..origin/master --format="sha:%H%x1Dauthor:%an%x1Ddate:%ct%x1Dsubject:%s%x1Dmessage:%b%x1E" --max-count=100) successfully finished
2024-02-17 21:29:03,246 [shell_command.py:_check_proc_success()] - Command (git -C /home/scott/klipper for-each-ref --count=100 --sort='-creatordate' --contains=HEAD --merged=origin/master --format='%(if)%(*objecttype)%(then)%(*objecttype) %(*objectname)%(else)%(objecttype) %(objectname)%(end) %(refname)' 'refs/tags') successfully finished
2024-02-17 21:29:03,246 [git_deploy.py:log_repo_info()] - Git Repo klipper Detected:
Owner: Klipper3d
Repository Name: klipper
Path: /home/scott/klipper
Remote: origin
Branch: master
Remote URL: https://github.com/Klipper3d/klipper
Recovery URL: https://github.com/Klipper3d/klipper
Current Commit SHA: 9f41f53c5e364694b9b41279b3b3aee34250b93a
Upstream Commit SHA: 28f06a104bc0cfe3a7d36db343ade5a805b3e132
Current Version: v0.12.0-102-g9f41f53c
Upstream Version: v0.12.0-113-g28f06a10
Rollback Commit: 6adff3954b149877c8a587893b18b291e34856b2
Rollback Branch: master
Rollback Version: v0.11.0-291-g6adff395
Is Dirty: False
Is Detached: False
Is Shallow: False
Commits Behind Count: 11
Diverged: False
Repo Warnings:
  Repo has untracked source files: ['klippy/extras/gcode_shell_command.py']
  Multiple instances of Moonraker managing this repo:
  moonraker-DeltaBot@2d5d16890307426493c293c698a71bfb
  moonraker-PrusaMk2@85b67ffa294f435f8fd6378eb439b231
2024-02-17 21:29:03,246 [base_deploy.py:log_info()] - Git Repo klipper: Channel: dev
2024-02-17 21:29:03,246 [base_deploy.py:log_info()] - Git Repo klipper: Validity check for git repo passed
2024-02-17 21:29:03,957 [base_deploy.py:log_info()] - Web Client fluidd: Detected
Repo: fluidd-core/fluidd
Channel: stable
Path: /home/scott/fluidd
Local Version: v1.27.1
Remote Version: v1.28.0
Valid: True
Fallback Detected: False
Pre-release: False
Download Url: https://github.com/fluidd-core/fluidd/releases/download/v1.28.0/fluidd.zip
Download Size: 3629558
Content Type: application/zip
Rollback Version: v1.24.1
Rollback Repo: fluidd-core/fluidd
2024-02-17 21:29:03,966 [shell_command.py:_check_proc_success()] - Command (git -C /home/scott/fluidd-config status --porcelain -b) successfully finished
2024-02-17 21:29:03,972 [shell_command.py:_check_proc_success()] - Command (git -C /home/scott/fluidd-config branch --list --no-color) successfully finished
2024-02-17 21:29:03,976 [shell_command.py:_check_proc_success()] - Command (git -C /home/scott/fluidd-config remote get-url origin) successfully finished
2024-02-17 21:29:05,579 [shell_command.py:_check_proc_success()] - Command (git -C /home/scott/fluidd-config fetch origin --prune --progress) successfully finished
2024-02-17 21:29:05,582 [shell_command.py:_check_proc_success()] - Command (git -C /home/scott/fluidd-config merge-base --is-ancestor HEAD origin/master) successfully finished
2024-02-17 21:29:05,584 [shell_command.py:_check_proc_success()] - Command (git -C /home/scott/fluidd-config rev-parse HEAD) successfully finished
2024-02-17 21:29:05,588 [shell_command.py:_check_proc_success()] - Command (git -C /home/scott/fluidd-config describe --always --tags --long --dirty --abbrev=8) successfully finished
2024-02-17 21:29:05,591 [shell_command.py:_check_proc_success()] - Command (git -C /home/scott/fluidd-config rev-parse origin/master) successfully finished
2024-02-17 21:29:05,594 [shell_command.py:_check_proc_success()] - Command (git -C /home/scott/fluidd-config describe origin/master --always --tags --long --abbrev=8) successfully finished
2024-02-17 21:29:05,597 [shell_command.py:_check_proc_success()] - Command (git -C /home/scott/fluidd-config rev-list HEAD..ce48c5854e9ca3ca72b63d0327069fac20e94c7c --count) successfully finished
2024-02-17 21:29:05,597 [git_deploy.py:log_repo_info()] - Git Repo fluidd-config Detected:
Owner: fluidd-core
Repository Name: fluidd-config
Path: /home/scott/fluidd-config
Remote: origin
Branch: master
Remote URL: https://github.com/fluidd-core/fluidd-config.git
Recovery URL: https://github.com/fluidd-core/fluidd-config.git
Current Commit SHA: ce48c5854e9ca3ca72b63d0327069fac20e94c7c
Upstream Commit SHA: ce48c5854e9ca3ca72b63d0327069fac20e94c7c
Current Version: v1.2.0-0-gce48c585
Upstream Version: v1.2.0-0-gce48c585
Rollback Commit: d44ec292b776131f892ab1650eaab89e14d2199f
Rollback Branch: master
Rollback Version: v0.0.0-10-gd44ec292-inferred
Is Dirty: False
Is Detached: False
Is Shallow: False
Commits Behind Count: 0
Diverged: False
Repo Warnings:
  Multiple instances of Moonraker managing this repo:
  moonraker-DeltaBot@2d5d16890307426493c293c698a71bfb
  moonraker-PrusaMk2@85b67ffa294f435f8fd6378eb439b231
2024-02-17 21:29:05,597 [base_deploy.py:log_info()] - Git Repo fluidd-config: Channel: dev
2024-02-17 21:29:05,598 [base_deploy.py:log_info()] - Git Repo fluidd-config: Validity check for git repo passed
2024-02-17 21:30:26,790 [klippy_connection.py:_request_initial_subscriptions()] - Webhooks Subscribed
2024-02-17 21:30:26,792 [klippy_connection.py:_request_initial_subscriptions()] - GCode Output Subscribed
2024-02-17 21:30:26,794 [klippy_connection.py:_check_ready()] - 
mcu 'mcu': Unable to connect
Once the underlying issue is corrected, use the
"FIRMWARE_RESTART" command to reset the firmware, reload the
config, and restart the host software.
Error configuring printer

